<?xml version="1.0" encoding="UTF-8"?>
<testng-results ignored="0" total="1" passed="1" failed="0" skipped="0">
  <reporter-output>
  </reporter-output>
  <suite started-at="2021-06-23T17:07:27 IST" name="Suite" finished-at="2021-06-23T17:07:42 IST" duration-ms="15869">
    <groups>
    </groups>
    <test started-at="2021-06-23T17:07:27 IST" name="Test" finished-at="2021-06-23T17:07:42 IST" duration-ms="15869">
      <class name="code.EMICalculator">
        <test-method signature="calculateEmi()[pri:0, instance:code.EMICalculator@55b53d44]" started-at="2021-06-23T17:07:27 IST" name="calculateEmi" finished-at="2021-06-23T17:07:42 IST" duration-ms="15777" status="PASS">
          <reporter-output>
          </reporter-output>
        </test-method> <!-- calculateEmi -->
      </class> <!-- code.EMICalculator -->
    </test> <!-- Test -->
  </suite> <!-- Suite -->
</testng-results>
